<?xml version="1.0" encoding="UTF-8"?>
<testsuite xmlns:xsi="http://www.w3.org/2001/XMLSchema-instance" xsi:noNamespaceSchemaLocation="https://maven.apache.org/surefire/maven-surefire-plugin/xsd/surefire-test-report-3.0.xsd" version="3.0" name="As a librarian, I want to retrieve user groups information" time="0.486" tests="1" errors="0" skipped="0" failures="1">
  <properties>
[...]
</properties>
  <testcase name="Retrieve user groups information from the API endpoint" classname="As a librarian, I want to retrieve user groups information" time="0.486">
    <failure message="expected:&lt;[{id=1, group_name=Admin}, {id=2, group_name=Librarian}, {id=3, group_name=Students}]&gt; but was:&lt;[{id=2, name=Librarian}, {id=3, name=Students}]&gt;" type="java.lang.AssertionError"><![CDATA[java.lang.AssertionError: expected:<[{id=1, group_name=Admin}, {id=2, group_name=Librarian}, {id=3, group_name=Students}]> but was:<[{id=2, name=Librarian}, {id=3, name=Students}]>
]]></failure>
    <system-out><![CDATA[May 14, 2024 12:36:14 PM net.masterthought.cucumber.ReportParser parseJsonFiles
INFO: File 'C:\Users\bkar1\AppData\Local\Temp\cucumber15267316473394106886.json' contains 13 features

Connecting to database...
CONNECTION SUCCESSFUL
[{id=2, name=Librarian}, {id=3, name=Students}]
[{id=1, group_name=Admin}, {id=2, group_name=Librarian}, {id=3, group_name=Students}]
close database connection...
]]></system-out>
  </testcase>
</testsuite>